<?xml version="1.0" encoding="UTF-8"?>
<testsuite xmlns:xsi="http://www.w3.org/2001/XMLSchema-instance" xsi:schemaLocation="https://maven.apache.org/surefire/maven-surefire-plugin/xsd/surefire-test-report.xsd" name="com.mihret.webbrowsertest.WebBrowserTest" time="32.305" tests="1" errors="0" skipped="0" failures="1">
  <properties>
[...]
</properties>
  <testcase name="testWebBrowser" classname="com.mihret.webbrowsertest.WebBrowserTest" time="32.276">
    <failure message="The product topic of the second product does not contain the text &apos;Nikon D3X&apos;" type="java.lang.AssertionError">java.lang.AssertionError: The product topic of the second product does not contain the text 'Nikon D3X'
	at com.mihret.webbrowsertest.WebBrowserTest.testWebBrowser(WebBrowserTest.java:119)
</failure>
  </testcase>
</testsuite>